<?xml version="1.0" encoding="UTF-8"?>
<testng-results ignored="0" total="1" passed="1" failed="0" skipped="0">
  <reporter-output>
  </reporter-output>
  <suite started-at="2023-05-05T15:15:34 EEST" name="Suite" finished-at="2023-05-05T15:15:46 EEST" duration-ms="11646">
    <groups>
    </groups>
    <test started-at="2023-05-05T15:15:34 EEST" name="Android Tests" finished-at="2023-05-05T15:15:46 EEST" duration-ms="11646">
      <class name="mainTests.Tests">
        <test-method is-config="true" signature="capabilities()[pri:0, instance:mainTests.Tests@747ddf94]" started-at="2023-05-05T15:15:34 EEST" name="capabilities" finished-at="2023-05-05T15:15:46 EEST" duration-ms="11611" status="PASS">
          <reporter-output>
          </reporter-output>
        </test-method> <!-- capabilities -->
        <test-method signature="randomScenario(java.lang.reflect.Method)[pri:0, instance:mainTests.Tests@747ddf94]" started-at="2023-05-05T15:15:46 EEST" name="randomScenario" finished-at="2023-05-05T15:15:46 EEST" duration-ms="2" status="PASS">
          <params>
            <param index="0">
              <value>
                <![CDATA[public void mainTests.Tests.randomScenario(java.lang.reflect.Method)]]>
              </value>
            </param>
          </params>
          <reporter-output>
          </reporter-output>
        </test-method> <!-- randomScenario -->
      </class> <!-- mainTests.Tests -->
    </test> <!-- Android Tests -->
  </suite> <!-- Suite -->
</testng-results>
